<?xml version="1.0" encoding="UTF-8"?>
<testsuite xmlns:xsi="http://www.w3.org/2001/XMLSchema-instance" xsi:noNamespaceSchemaLocation="https://maven.apache.org/surefire/maven-surefire-plugin/xsd/surefire-test-report-3.0.xsd" version="3.0" name="TestSuite" time="2.368" tests="4" errors="0" skipped="0" failures="0">
  <properties>
[...]
</properties>
  <testcase name="testfirst" classname="mavenProject.TestFirst" time="0.028">
    <system-out><![CDATA[[TestNGContentHandler] [WARN] It is strongly recommended to add "<!DOCTYPE suite SYSTEM "http://testng.org/testng-1.0.dtd" >" at the top of your file, otherwise TestNG may fail or not work as expected.
maven test executed testfirst
]]></system-out>
  </testcase>
  <testcase name="testsecond" classname="mavenProject.TestSecond" time="0.011">
    <system-out><![CDATA[maven test executed testsecond
]]></system-out>
  </testcase>
  <testcase name="testthird" classname="mavenProject.TestThird" time="0.048">
    <system-out><![CDATA[maven test executed test third
]]></system-out>
  </testcase>
  <testcase name="testfourth" classname="mavenProject.TestFourth" time="0.004">
    <system-out><![CDATA[maven test executed test fourth
]]></system-out>
  </testcase>
</testsuite>