<?xml version="1.0" encoding="UTF-8"?>
<testng-results ignored="0" total="4" passed="4" failed="0" skipped="0">
  <reporter-output>
  </reporter-output>
  <suite started-at="2024-03-18T06:16:06Z" name="Suite" finished-at="2024-03-18T06:16:06Z" duration-ms="431">
    <groups>
    </groups>
    <test started-at="2024-03-18T06:16:06Z" name="TestFirst" finished-at="2024-03-18T06:16:06Z" duration-ms="99">
      <class name="mavenProject.TestFirst">
        <test-method signature="testfirst()[pri:0, instance:mavenProject.TestFirst@72bc6553]" started-at="2024-03-18T06:16:06Z" name="testfirst" finished-at="2024-03-18T06:16:06Z" duration-ms="32" status="PASS">
          <reporter-output>
          </reporter-output>
        </test-method> <!-- testfirst -->
      </class> <!-- mavenProject.TestFirst -->
    </test> <!-- TestFirst -->
    <test started-at="2024-03-18T06:16:06Z" name="TestSecond" finished-at="2024-03-18T06:16:06Z" duration-ms="21">
      <class name="mavenProject.TestSecond">
        <test-method signature="testsecond()[pri:0, instance:mavenProject.TestSecond@431cd9b2]" started-at="2024-03-18T06:16:06Z" name="testsecond" finished-at="2024-03-18T06:16:06Z" duration-ms="5" status="PASS">
          <reporter-output>
          </reporter-output>
        </test-method> <!-- testsecond -->
      </class> <!-- mavenProject.TestSecond -->
    </test> <!-- TestSecond -->
    <test started-at="2024-03-18T06:16:06Z" name="TestThird" finished-at="2024-03-18T06:16:06Z" duration-ms="22">
      <class name="mavenProject.TestThird">
        <test-method signature="testthird()[pri:0, instance:mavenProject.TestThird@68c9d179]" started-at="2024-03-18T06:16:06Z" name="testthird" finished-at="2024-03-18T06:16:06Z" duration-ms="10" status="PASS">
          <reporter-output>
          </reporter-output>
        </test-method> <!-- testthird -->
      </class> <!-- mavenProject.TestThird -->
    </test> <!-- TestThird -->
    <test started-at="2024-03-18T06:16:06Z" name="TestFourth" finished-at="2024-03-18T06:16:06Z" duration-ms="27">
      <class name="mavenProject.TestFourth">
        <test-method signature="testfourth()[pri:0, instance:mavenProject.TestFourth@1c742ed4]" started-at="2024-03-18T06:16:06Z" name="testfourth" finished-at="2024-03-18T06:16:06Z" duration-ms="12" status="PASS">
          <reporter-output>
          </reporter-output>
        </test-method> <!-- testfourth -->
      </class> <!-- mavenProject.TestFourth -->
    </test> <!-- TestFourth -->
  </suite> <!-- Suite -->
</testng-results>
